graph {
        graph [bgcolor="#F8F8F8"];
        node [style=filled, fontname="Arial", fontsize=12, shape=circle, width=0.8, height=0.8, margin=0.04];
        edge [color="#999999", fontname="Arial", fontsize=10, style=solid];
        rankdir=LR;
        splines=polyline;
        overlap=false;
        sep=0.5;
        ratio=auto;

	nabeul -- benarous[label=42.7];
	nabeul -- zaghouen[label=75.6];
	nabeul -- sousse[label=94.5];
	sousse -- zaghouen[label=65.0];
	sousse -- kairouan[label=56.9];
	sousse -- mahdia[label=62.7];
	sousse -- monastir[label=43.0];
	zaghouen -- benarous[label=40.6];
	zaghouen -- manouba[label=52.0];
	zaghouen -- beja[label=73.8];
	zaghouen -- siliana[label=61.2];
	zaghouen -- kairouan[label=73.5];
	beja -- manouba[label=53.9];
	beja -- bizerte[label=54.0];
	beja -- jendouba[label=52.6];
	beja -- siliana[label=61.5];
	ariana -- bizerte[label=41.5];
	ariana -- manouba[label=27.5];
	ariana -- tunis[label=15.7];
	benarous -- tunis[label=21.4];
	benarous -- manouba[label=36.8];
	bizerte -- manouba[label=35.6];
	gabes -- sfax[label=115.1];
	gabes -- sidibouzid[label=125.0];
	gabes -- gafsa[label=130.4];
	gabes -- kebilli[label=109.5];
	gabes -- medenine[label=120.9];
	gafsa -- sidibouzid[label=102.7];
	gafsa -- kasserine[label=97.1];
	gafsa -- tozeur[label=84.8];
	gafsa -- kebilli[label=128.7];
	jendouba -- siliana[label=83.7];
	jendouba -- kef[label=61.7];
	kairouan -- siliana[label=65.7];
	kairouan -- sidibouzid[label=87.2];
	kairouan -- sfax[label=111.5];
	kairouan -- mahdia[label=81.1];
	kasserine -- kef[label=87.7];
	kasserine -- siliana[label=106.1];
	kasserine -- sidibouzid[label=88.3];
	kebilli -- tozeur[label=116.3];
	kebilli -- medenine[label=194.9];
	kebilli -- tataouine[label=149.0];
	kef -- siliana[label=57.0];
	mahdia -- monastir[label=30.3];
	mahdia -- sfax[label=67.4];
	manouba -- tunis[label=25.9];
	medenine -- tataouine[label=82.9];
	sfax -- sidibouzid[label=70.5];
}